{"C:\\Users\\Shuhad\\Desktop\\Desk-Projects\\ToDoListApp\\src\\modules\\app.js": {"path":"C:\\Users\\Shuhad\\Desktop\\Desk-Projects\\ToDoListApp\\src\\modules\\app.js","statementMap":{"0":{"start":{"line":3,"column":26},"end":{"line":3,"column":74}},"1":{"start":{"line":5,"column":18},"end":{"line":5,"column":54}},"2":{"start":{"line":9,"column":4},"end":{"line":9,"column":35}},"3":{"start":{"line":10,"column":4},"end":{"line":10,"column":31}},"4":{"start":{"line":11,"column":4},"end":{"line":11,"column":23}},"5":{"start":{"line":12,"column":4},"end":{"line":12,"column":75}},"6":{"start":{"line":16,"column":13},"end":{"line":16,"column":31}},"7":{"start":{"line":18,"column":20},"end":{"line":31,"column":1}},"8":{"start":{"line":19,"column":2},"end":{"line":19,"column":35}},"9":{"start":{"line":20,"column":2},"end":{"line":30,"column":5}},"10":{"start":{"line":21,"column":4},"end":{"line":29,"column":6}},"11":{"start":{"line":33,"column":16},"end":{"line":41,"column":1}},"12":{"start":{"line":34,"column":20},"end":{"line":34,"column":67}},"13":{"start":{"line":35,"column":2},"end":{"line":35,"column":33}},"14":{"start":{"line":36,"column":2},"end":{"line":36,"column":70}},"15":{"start":{"line":37,"column":2},"end":{"line":39,"column":10}},"16":{"start":{"line":38,"column":4},"end":{"line":38,"column":25}},"17":{"start":{"line":40,"column":2},"end":{"line":40,"column":16}},"18":{"start":{"line":43,"column":0},"end":{"line":55,"column":2}},"19":{"start":{"line":44,"column":20},"end":{"line":44,"column":63}},"20":{"start":{"line":45,"column":2},"end":{"line":54,"column":5}},"21":{"start":{"line":46,"column":4},"end":{"line":53,"column":7}},"22":{"start":{"line":47,"column":6},"end":{"line":47,"column":56}},"23":{"start":{"line":48,"column":6},"end":{"line":50,"column":9}},"24":{"start":{"line":49,"column":8},"end":{"line":49,"column":31}},"25":{"start":{"line":51,"column":6},"end":{"line":51,"column":74}},"26":{"start":{"line":52,"column":6},"end":{"line":52,"column":20}},"27":{"start":{"line":57,"column":0},"end":{"line":73,"column":2}},"28":{"start":{"line":58,"column":22},"end":{"line":58,"column":66}},"29":{"start":{"line":59,"column":25},"end":{"line":59,"column":71}},"30":{"start":{"line":60,"column":23},"end":{"line":69,"column":4}},"31":{"start":{"line":61,"column":4},"end":{"line":63,"column":5}},"32":{"start":{"line":62,"column":6},"end":{"line":62,"column":37}},"33":{"start":{"line":64,"column":4},"end":{"line":66,"column":5}},"34":{"start":{"line":65,"column":6},"end":{"line":65,"column":38}},"35":{"start":{"line":68,"column":4},"end":{"line":68,"column":16}},"36":{"start":{"line":70,"column":2},"end":{"line":70,"column":30}},"37":{"start":{"line":72,"column":2},"end":{"line":72,"column":68}},"38":{"start":{"line":76,"column":0},"end":{"line":76,"column":66}}},"fnMap":{"0":{"name":"(anonymous_0)","decl":{"start":{"line":8,"column":2},"end":{"line":8,"column":3}},"loc":{"start":{"line":8,"column":45},"end":{"line":13,"column":3}},"line":8},"1":{"name":"(anonymous_1)","decl":{"start":{"line":18,"column":20},"end":{"line":18,"column":21}},"loc":{"start":{"line":18,"column":26},"end":{"line":31,"column":1}},"line":18},"2":{"name":"(anonymous_2)","decl":{"start":{"line":20,"column":25},"end":{"line":20,"column":26}},"loc":{"start":{"line":20,"column":39},"end":{"line":30,"column":3}},"line":20},"3":{"name":"(anonymous_3)","decl":{"start":{"line":33,"column":16},"end":{"line":33,"column":17}},"loc":{"start":{"line":33,"column":51},"end":{"line":41,"column":1}},"line":33},"4":{"name":"(anonymous_4)","decl":{"start":{"line":37,"column":13},"end":{"line":37,"column":14}},"loc":{"start":{"line":37,"column":19},"end":{"line":39,"column":3}},"line":37},"5":{"name":"(anonymous_5)","decl":{"start":{"line":43,"column":20},"end":{"line":43,"column":21}},"loc":{"start":{"line":43,"column":26},"end":{"line":55,"column":1}},"line":43},"6":{"name":"(anonymous_6)","decl":{"start":{"line":45,"column":20},"end":{"line":45,"column":21}},"loc":{"start":{"line":45,"column":30},"end":{"line":54,"column":3}},"line":45},"7":{"name":"(anonymous_7)","decl":{"start":{"line":46,"column":35},"end":{"line":46,"column":36}},"loc":{"start":{"line":46,"column":41},"end":{"line":53,"column":5}},"line":46},"8":{"name":"(anonymous_8)","decl":{"start":{"line":48,"column":29},"end":{"line":48,"column":30}},"loc":{"start":{"line":48,"column":46},"end":{"line":50,"column":7}},"line":48},"9":{"name":"(anonymous_9)","decl":{"start":{"line":57,"column":20},"end":{"line":57,"column":21}},"loc":{"start":{"line":57,"column":28},"end":{"line":73,"column":1}},"line":57},"10":{"name":"(anonymous_10)","decl":{"start":{"line":60,"column":42},"end":{"line":60,"column":43}},"loc":{"start":{"line":60,"column":52},"end":{"line":69,"column":3}},"line":60}},"branchMap":{"0":{"loc":{"start":{"line":12,"column":21},"end":{"line":12,"column":74}},"type":"binary-expr","locations":[{"start":{"line":12,"column":21},"end":{"line":12,"column":68}},{"start":{"line":12,"column":72},"end":{"line":12,"column":74}}],"line":12},"1":{"loc":{"start":{"line":24,"column":78},"end":{"line":24,"column":109}},"type":"cond-expr","locations":[{"start":{"line":24,"column":95},"end":{"line":24,"column":104}},{"start":{"line":24,"column":107},"end":{"line":24,"column":109}}],"line":24},"2":{"loc":{"start":{"line":61,"column":4},"end":{"line":63,"column":5}},"type":"if","locations":[{"start":{"line":61,"column":4},"end":{"line":63,"column":5}},{"start":{},"end":{}}],"line":61},"3":{"loc":{"start":{"line":64,"column":4},"end":{"line":66,"column":5}},"type":"if","locations":[{"start":{"line":64,"column":4},"end":{"line":66,"column":5}},{"start":{},"end":{}}],"line":64}},"s":{"0":1,"1":1,"2":5,"3":5,"4":5,"5":5,"6":1,"7":1,"8":5,"9":5,"10":13,"11":1,"12":4,"13":4,"14":4,"15":4,"16":0,"17":4,"18":1,"19":2,"20":2,"21":8,"22":1,"23":1,"24":3,"25":1,"26":1,"27":1,"28":0,"29":0,"30":0,"31":0,"32":0,"33":0,"34":0,"35":0,"36":0,"37":0,"38":1},"f":{"0":5,"1":5,"2":13,"3":4,"4":0,"5":2,"6":8,"7":1,"8":3,"9":0,"10":0},"b":{"0":[5,2],"1":[0,13],"2":[0,0],"3":[0,0]},"_coverageSchema":"1a1c01bbd47fc00a2c39e90264f33305004495a9","hash":"2c318e5687f441384c69d0c6a413a70aff9eaf8b"}
}
