{"C:\\Users\\noqs\\Music\\ToDoListApp\\src\\modules\\app.js": {"path":"C:\\Users\\noqs\\Music\\ToDoListApp\\src\\modules\\app.js","statementMap":{"0":{"start":{"line":3,"column":26},"end":{"line":3,"column":74}},"1":{"start":{"line":5,"column":18},"end":{"line":5,"column":54}},"2":{"start":{"line":9,"column":4},"end":{"line":9,"column":35}},"3":{"start":{"line":10,"column":4},"end":{"line":10,"column":31}},"4":{"start":{"line":11,"column":4},"end":{"line":11,"column":23}},"5":{"start":{"line":12,"column":4},"end":{"line":12,"column":75}},"6":{"start":{"line":15,"column":14},"end":{"line":28,"column":1}},"7":{"start":{"line":16,"column":2},"end":{"line":16,"column":35}},"8":{"start":{"line":17,"column":2},"end":{"line":27,"column":5}},"9":{"start":{"line":18,"column":4},"end":{"line":26,"column":6}},"10":{"start":{"line":30,"column":10},"end":{"line":38,"column":1}},"11":{"start":{"line":31,"column":20},"end":{"line":31,"column":67}},"12":{"start":{"line":32,"column":2},"end":{"line":32,"column":33}},"13":{"start":{"line":33,"column":2},"end":{"line":33,"column":70}},"14":{"start":{"line":34,"column":2},"end":{"line":36,"column":11}},"15":{"start":{"line":35,"column":4},"end":{"line":35,"column":25}},"16":{"start":{"line":37,"column":2},"end":{"line":37,"column":21}},"17":{"start":{"line":40,"column":13},"end":{"line":52,"column":1}},"18":{"start":{"line":41,"column":20},"end":{"line":41,"column":63}},"19":{"start":{"line":42,"column":2},"end":{"line":51,"column":5}},"20":{"start":{"line":43,"column":4},"end":{"line":50,"column":7}},"21":{"start":{"line":44,"column":6},"end":{"line":44,"column":56}},"22":{"start":{"line":45,"column":6},"end":{"line":47,"column":9}},"23":{"start":{"line":46,"column":8},"end":{"line":46,"column":31}},"24":{"start":{"line":48,"column":6},"end":{"line":48,"column":74}},"25":{"start":{"line":49,"column":6},"end":{"line":49,"column":25}},"26":{"start":{"line":54,"column":13},"end":{"line":70,"column":1}},"27":{"start":{"line":55,"column":22},"end":{"line":55,"column":66}},"28":{"start":{"line":56,"column":25},"end":{"line":56,"column":71}},"29":{"start":{"line":57,"column":23},"end":{"line":66,"column":4}},"30":{"start":{"line":58,"column":4},"end":{"line":60,"column":5}},"31":{"start":{"line":59,"column":6},"end":{"line":59,"column":37}},"32":{"start":{"line":61,"column":4},"end":{"line":63,"column":5}},"33":{"start":{"line":62,"column":6},"end":{"line":62,"column":38}},"34":{"start":{"line":65,"column":4},"end":{"line":65,"column":16}},"35":{"start":{"line":67,"column":2},"end":{"line":67,"column":30}},"36":{"start":{"line":69,"column":2},"end":{"line":69,"column":68}},"37":{"start":{"line":73,"column":0},"end":{"line":73,"column":30}}},"fnMap":{"0":{"name":"(anonymous_0)","decl":{"start":{"line":8,"column":2},"end":{"line":8,"column":3}},"loc":{"start":{"line":8,"column":45},"end":{"line":13,"column":3}},"line":8},"1":{"name":"(anonymous_1)","decl":{"start":{"line":15,"column":14},"end":{"line":15,"column":15}},"loc":{"start":{"line":15,"column":20},"end":{"line":28,"column":1}},"line":15},"2":{"name":"(anonymous_2)","decl":{"start":{"line":17,"column":25},"end":{"line":17,"column":26}},"loc":{"start":{"line":17,"column":39},"end":{"line":27,"column":3}},"line":17},"3":{"name":"(anonymous_3)","decl":{"start":{"line":30,"column":10},"end":{"line":30,"column":11}},"loc":{"start":{"line":30,"column":45},"end":{"line":38,"column":1}},"line":30},"4":{"name":"(anonymous_4)","decl":{"start":{"line":34,"column":13},"end":{"line":34,"column":14}},"loc":{"start":{"line":34,"column":19},"end":{"line":36,"column":3}},"line":34},"5":{"name":"(anonymous_5)","decl":{"start":{"line":40,"column":13},"end":{"line":40,"column":14}},"loc":{"start":{"line":40,"column":19},"end":{"line":52,"column":1}},"line":40},"6":{"name":"(anonymous_6)","decl":{"start":{"line":42,"column":20},"end":{"line":42,"column":21}},"loc":{"start":{"line":42,"column":30},"end":{"line":51,"column":3}},"line":42},"7":{"name":"(anonymous_7)","decl":{"start":{"line":43,"column":35},"end":{"line":43,"column":36}},"loc":{"start":{"line":43,"column":41},"end":{"line":50,"column":5}},"line":43},"8":{"name":"(anonymous_8)","decl":{"start":{"line":45,"column":29},"end":{"line":45,"column":30}},"loc":{"start":{"line":45,"column":46},"end":{"line":47,"column":7}},"line":45},"9":{"name":"(anonymous_9)","decl":{"start":{"line":54,"column":13},"end":{"line":54,"column":14}},"loc":{"start":{"line":54,"column":21},"end":{"line":70,"column":1}},"line":54},"10":{"name":"(anonymous_10)","decl":{"start":{"line":57,"column":42},"end":{"line":57,"column":43}},"loc":{"start":{"line":57,"column":52},"end":{"line":66,"column":3}},"line":57}},"branchMap":{"0":{"loc":{"start":{"line":12,"column":21},"end":{"line":12,"column":74}},"type":"binary-expr","locations":[{"start":{"line":12,"column":21},"end":{"line":12,"column":68}},{"start":{"line":12,"column":72},"end":{"line":12,"column":74}}],"line":12},"1":{"loc":{"start":{"line":21,"column":78},"end":{"line":21,"column":109}},"type":"cond-expr","locations":[{"start":{"line":21,"column":95},"end":{"line":21,"column":104}},{"start":{"line":21,"column":107},"end":{"line":21,"column":109}}],"line":21},"2":{"loc":{"start":{"line":58,"column":4},"end":{"line":60,"column":5}},"type":"if","locations":[{"start":{"line":58,"column":4},"end":{"line":60,"column":5}},{"start":{},"end":{}}],"line":58},"3":{"loc":{"start":{"line":61,"column":4},"end":{"line":63,"column":5}},"type":"if","locations":[{"start":{"line":61,"column":4},"end":{"line":63,"column":5}},{"start":{},"end":{}}],"line":61}},"s":{"0":1,"1":1,"2":4,"3":4,"4":4,"5":4,"6":4,"7":3,"8":3,"9":6,"10":4,"11":3,"12":3,"13":3,"14":3,"15":0,"16":3,"17":4,"18":0,"19":0,"20":0,"21":0,"22":0,"23":0,"24":0,"25":0,"26":4,"27":0,"28":0,"29":0,"30":0,"31":0,"32":0,"33":0,"34":0,"35":0,"36":0,"37":1},"f":{"0":4,"1":3,"2":6,"3":3,"4":0,"5":0,"6":0,"7":0,"8":0,"9":0,"10":0},"b":{"0":[4,2],"1":[0,6],"2":[0,0],"3":[0,0]},"_coverageSchema":"1a1c01bbd47fc00a2c39e90264f33305004495a9","hash":"6b50f4be9f5b29c33b0a1469257dcac06340edd2"}
}
