TN:
SF:src\modules\app.js
FN:8,(anonymous_0)
FN:16,(anonymous_1)
FN:19,(anonymous_2)
FN:32,(anonymous_3)
FN:36,(anonymous_4)
FN:42,(anonymous_5)
FN:44,(anonymous_6)
FN:45,(anonymous_7)
FN:47,(anonymous_8)
FN:56,(anonymous_9)
FN:59,(anonymous_10)
FNF:11
FNH:4
FNDA:4,(anonymous_0)
FNDA:3,(anonymous_1)
FNDA:6,(anonymous_2)
FNDA:3,(anonymous_3)
FNDA:0,(anonymous_4)
FNDA:0,(anonymous_5)
FNDA:0,(anonymous_6)
FNDA:0,(anonymous_7)
FNDA:0,(anonymous_8)
FNDA:0,(anonymous_9)
FNDA:0,(anonymous_10)
DA:3,1
DA:5,1
DA:9,4
DA:10,4
DA:11,4
DA:12,4
DA:16,4
DA:18,3
DA:19,3
DA:20,6
DA:32,4
DA:33,3
DA:34,3
DA:35,3
DA:36,3
DA:37,0
DA:39,3
DA:42,4
DA:43,0
DA:44,0
DA:45,0
DA:46,0
DA:47,0
DA:48,0
DA:50,0
DA:51,0
DA:56,4
DA:57,0
DA:58,0
DA:59,0
DA:60,0
DA:61,0
DA:63,0
DA:64,0
DA:67,0
DA:69,0
DA:71,0
DA:75,1
LF:38
LH:19
BRDA:12,0,0,4
BRDA:12,0,1,2
BRDA:23,1,0,0
BRDA:23,1,1,6
BRDA:60,2,0,0
BRDA:60,2,1,0
BRDA:63,3,0,0
BRDA:63,3,1,0
BRF:8
BRH:3
end_of_record
